<?xml version="1.0" encoding="UTF-8"?>
<coverage generated="1616847894553" clover="3.2.0">
  <project timestamp="1616847894553" name="All files">
    <metrics statements="16" coveredstatements="16" conditionals="2" coveredconditionals="2" methods="5" coveredmethods="5" elements="23" coveredelements="23" complexity="0" loc="16" ncloc="16" packages="1" files="1" classes="1"/>
    <file name="date.js" path="/Users/lucasperso/Documents/Projects/TGTG-notifier/utils/date.js">
      <metrics statements="16" coveredstatements="16" conditionals="2" coveredconditionals="2" methods="5" coveredmethods="5"/>
      <line num="8" count="1" type="stmt"/>
      <line num="9" count="15" type="stmt"/>
      <line num="16" count="15" type="stmt"/>
      <line num="24" count="15" type="cond" truecount="2" falsecount="0"/>
      <line num="33" count="1" type="stmt"/>
      <line num="34" count="5" type="stmt"/>
      <line num="35" count="15" type="stmt"/>
      <line num="37" count="5" type="stmt"/>
      <line num="46" count="1" type="stmt"/>
      <line num="47" count="7" type="stmt"/>
      <line num="48" count="7" type="stmt"/>
      <line num="58" count="1" type="stmt"/>
      <line num="59" count="7" type="stmt"/>
      <line num="60" count="7" type="stmt"/>
      <line num="61" count="7" type="stmt"/>
      <line num="64" count="1" type="stmt"/>
    </file>
  </project>
</coverage>
