{"/Users/lucasperso/Documents/Projects/TGTG-notifier/utils/date.js": {"path":"/Users/lucasperso/Documents/Projects/TGTG-notifier/utils/date.js","statementMap":{"0":{"start":{"line":8,"column":18},"end":{"line":25,"column":1}},"1":{"start":{"line":9,"column":16},"end":{"line":15,"column":3}},"2":{"start":{"line":16,"column":14},"end":{"line":22,"column":3}},"3":{"start":{"line":24,"column":2},"end":{"line":24,"column":37}},"4":{"start":{"line":33,"column":20},"end":{"line":38,"column":1}},"5":{"start":{"line":34,"column":21},"end":{"line":36,"column":3}},"6":{"start":{"line":35,"column":4},"end":{"line":35,"column":38}},"7":{"start":{"line":37,"column":2},"end":{"line":37,"column":31}},"8":{"start":{"line":46,"column":22},"end":{"line":49,"column":1}},"9":{"start":{"line":47,"column":18},"end":{"line":47,"column":70}},"10":{"start":{"line":48,"column":2},"end":{"line":48,"column":17}},"11":{"start":{"line":58,"column":29},"end":{"line":62,"column":1}},"12":{"start":{"line":59,"column":2},"end":{"line":59,"column":41}},"13":{"start":{"line":60,"column":18},"end":{"line":60,"column":61}},"14":{"start":{"line":61,"column":2},"end":{"line":61,"column":17}},"15":{"start":{"line":64,"column":0},"end":{"line":64,"column":70}}},"fnMap":{"0":{"name":"(anonymous_0)","decl":{"start":{"line":8,"column":18},"end":{"line":8,"column":19}},"loc":{"start":{"line":8,"column":48},"end":{"line":25,"column":1}},"line":8},"1":{"name":"(anonymous_1)","decl":{"start":{"line":33,"column":20},"end":{"line":33,"column":21}},"loc":{"start":{"line":33,"column":50},"end":{"line":38,"column":1}},"line":33},"2":{"name":"(anonymous_2)","decl":{"start":{"line":34,"column":40},"end":{"line":34,"column":41}},"loc":{"start":{"line":35,"column":4},"end":{"line":35,"column":38}},"line":35},"3":{"name":"(anonymous_3)","decl":{"start":{"line":46,"column":22},"end":{"line":46,"column":23}},"loc":{"start":{"line":46,"column":57},"end":{"line":49,"column":1}},"line":46},"4":{"name":"(anonymous_4)","decl":{"start":{"line":58,"column":29},"end":{"line":58,"column":30}},"loc":{"start":{"line":58,"column":59},"end":{"line":62,"column":1}},"line":58}},"branchMap":{"0":{"loc":{"start":{"line":24,"column":9},"end":{"line":24,"column":36}},"type":"binary-expr","locations":[{"start":{"line":24,"column":9},"end":{"line":24,"column":22}},{"start":{"line":24,"column":26},"end":{"line":24,"column":36}}],"line":24}},"s":{"0":1,"1":15,"2":15,"3":15,"4":1,"5":5,"6":15,"7":5,"8":1,"9":7,"10":7,"11":1,"12":7,"13":7,"14":7,"15":1},"f":{"0":15,"1":5,"2":15,"3":7,"4":7},"b":{"0":[15,4]},"_coverageSchema":"1a1c01bbd47fc00a2c39e90264f33305004495a9","hash":"b70e09b73997075ea0d420dce3c9e7e21bfa420b"}
}
